0 info it worked if it ends with ok
1 verbose cli [ '/usr/local/bin/node', '/usr/local/bin/npm', 'start' ]
2 info using npm@3.8.6
3 info using node@v4.1.2
4 verbose run-script [ 'prestart', 'start', 'poststart' ]
5 info lifecycle es6-node-starter@0.1.0~prestart: es6-node-starter@0.1.0
6 silly lifecycle es6-node-starter@0.1.0~prestart: no script for prestart, continuing
7 info lifecycle es6-node-starter@0.1.0~start: es6-node-starter@0.1.0
8 verbose lifecycle es6-node-starter@0.1.0~start: unsafe-perm in lifecycle true
9 verbose lifecycle es6-node-starter@0.1.0~start: PATH: /usr/local/lib/node_modules/npm/bin/node-gyp-bin:/Users/hanz/workspace/es6-node-starter/node_modules/.bin:/usr/local/bin:/Users/hanz/.rvm/gems/ruby-2.2.2/bin:/Users/hanz/.rvm/gems/ruby-2.2.2@global/bin:/Users/hanz/.rvm/rubies/ruby-2.2.2/bin:/Users/hanz/bin:/usr/local/bin:/usr/local/bin:/usr/bin:/bin:/usr/sbin:/sbin:/Library/TeX/texbin:/Users/hanz/libs/activator-1.2.12-minimal/:/usr/local/Cellar/rabbitmq/3.5.1/sbin:/Users/hanz/libs/selenium/:/Users/hanz/.rvm/bin
10 verbose lifecycle es6-node-starter@0.1.0~start: CWD: /Users/hanz/workspace/es6-node-starter
11 silly lifecycle es6-node-starter@0.1.0~start: Args: [ '-c', 'node ./run.js' ]
12 silly lifecycle es6-node-starter@0.1.0~start: Returned: code: 1  signal: null
13 info lifecycle es6-node-starter@0.1.0~start: Failed to exec start script
14 verbose stack Error: es6-node-starter@0.1.0 start: `node ./run.js`
14 verbose stack Exit status 1
14 verbose stack     at EventEmitter.<anonymous> (/usr/local/lib/node_modules/npm/lib/utils/lifecycle.js:239:16)
14 verbose stack     at emitTwo (events.js:87:13)
14 verbose stack     at EventEmitter.emit (events.js:172:7)
14 verbose stack     at ChildProcess.<anonymous> (/usr/local/lib/node_modules/npm/lib/utils/spawn.js:24:14)
14 verbose stack     at emitTwo (events.js:87:13)
14 verbose stack     at ChildProcess.emit (events.js:172:7)
14 verbose stack     at maybeClose (internal/child_process.js:818:16)
14 verbose stack     at Process.ChildProcess._handle.onexit (internal/child_process.js:211:5)
15 verbose pkgid es6-node-starter@0.1.0
16 verbose cwd /Users/hanz/workspace/es6-node-starter
17 error Darwin 15.2.0
18 error argv "/usr/local/bin/node" "/usr/local/bin/npm" "start"
19 error node v4.1.2
20 error npm  v3.8.6
21 error code ELIFECYCLE
22 error es6-node-starter@0.1.0 start: `node ./run.js`
22 error Exit status 1
23 error Failed at the es6-node-starter@0.1.0 start script 'node ./run.js'.
23 error Make sure you have the latest version of node.js and npm installed.
23 error If you do, this is most likely a problem with the es6-node-starter package,
23 error not with npm itself.
23 error Tell the author that this fails on your system:
23 error     node ./run.js
23 error You can get information on how to open an issue for this project with:
23 error     npm bugs es6-node-starter
23 error Or if that isn't available, you can get their info via:
23 error     npm owner ls es6-node-starter
23 error There is likely additional logging output above.
24 verbose exit [ 1, true ]
